<?xml version="1.0" encoding="UTF-8"?>
<!-- Generated by org.testng.reporters.JUnitXMLReporter -->
<testsuite ignored="1" hostname="DESKTOP-7KBB9M5" failures="0" tests="10" name="Surefire test" time="0.243" errors="0" timestamp="2022-05-03T14:27:48 IST">
  <testcase classname="com.phptravels.qa.admintc.AdminHomePageTest" name="@BeforeMethod setup" time="0.003">
    <failure type="java.lang.NullPointerException">
      <![CDATA[java.lang.NullPointerException
at com.phptravels.qa.base.TestBase.initialization(TestBase.java:40)
at com.phptravels.qa.admintc.AdminHomePageTest.setup(AdminHomePageTest.java:26)
at java.base/java.util.ArrayList.forEach(ArrayList.java:1541)
... Removed 36 stack frames]]>
    </failure>
  </testcase> <!-- @BeforeMethod setup -->
  <testcase classname="com.phptravels.qa.admintc.AdminHomePageTest" name="@AfterMethod tearDown" time="0.0">
    <skipped/>
  </testcase> <!-- @AfterMethod tearDown -->
  <testcase classname="com.phptravels.qa.admintc.AdminHotelPageTest" name="@BeforeMethod setup" time="0.0">
    <failure type="java.lang.NullPointerException">
      <![CDATA[java.lang.NullPointerException
at com.phptravels.qa.base.TestBase.initialization(TestBase.java:40)
at com.phptravels.qa.admintc.AdminHotelPageTest.setup(AdminHotelPageTest.java:28)
at java.base/java.util.ArrayList.forEach(ArrayList.java:1541)
... Removed 36 stack frames]]>
    </failure>
  </testcase> <!-- @BeforeMethod setup -->
  <testcase classname="com.phptravels.qa.admintc.AdminHotelPageTest" name="@AfterMethod teardown" time="0.0">
    <skipped/>
  </testcase> <!-- @AfterMethod teardown -->
  <testcase classname="com.phptravels.qa.admintc.AdminLoginPageTest" name="@BeforeMethod setup" time="0.001">
    <failure type="java.lang.NullPointerException">
      <![CDATA[java.lang.NullPointerException
at com.phptravels.qa.base.TestBase.initialization(TestBase.java:40)
at com.phptravels.qa.admintc.AdminLoginPageTest.setup(AdminLoginPageTest.java:25)
at java.base/java.util.ArrayList.forEach(ArrayList.java:1541)
... Removed 36 stack frames]]>
    </failure>
  </testcase> <!-- @BeforeMethod setup -->
  <testcase classname="com.phptravels.qa.admintc.AdminLoginPageTest" name="@AfterMethod tearDown" time="0.0">
    <skipped/>
  </testcase> <!-- @AfterMethod tearDown -->
  <testcase classname="com.phptravels.qa.admintc.AdminLoginPageTest" name="@BeforeMethod setup" time="0.0">
    <skipped/>
  </testcase> <!-- @BeforeMethod setup -->
  <testcase classname="com.phptravels.qa.admintc.AdminLoginPageTest" name="@AfterMethod tearDown" time="0.0">
    <skipped/>
  </testcase> <!-- @AfterMethod tearDown -->
  <testcase classname="com.phptravels.qa.customertc.CustomerHomePageTest" name="@BeforeMethod setUp" time="0.001">
    <failure type="java.lang.NullPointerException">
      <![CDATA[java.lang.NullPointerException
at com.phptravels.qa.base.TestBase.initialization(TestBase.java:40)
at com.phptravels.qa.customertc.CustomerHomePageTest.setUp(CustomerHomePageTest.java:26)
at java.base/java.util.ArrayList.forEach(ArrayList.java:1541)
... Removed 36 stack frames]]>
    </failure>
  </testcase> <!-- @BeforeMethod setUp -->
  <testcase classname="com.phptravels.qa.customertc.CustomerHomePageTest" name="@AfterMethod tearDown" time="0.0">
    <skipped/>
  </testcase> <!-- @AfterMethod tearDown -->
  <testcase classname="com.phptravels.qa.customertc.CustomerHomePageTest" name="@BeforeMethod setUp" time="0.0">
    <skipped/>
  </testcase> <!-- @BeforeMethod setUp -->
  <testcase classname="com.phptravels.qa.customertc.CustomerHomePageTest" name="@AfterMethod tearDown" time="0.0">
    <skipped/>
  </testcase> <!-- @AfterMethod tearDown -->
  <testcase classname="com.phptravels.qa.customertc.CustomerHomePageTest" name="@BeforeMethod setUp" time="0.0">
    <skipped/>
  </testcase> <!-- @BeforeMethod setUp -->
  <testcase classname="com.phptravels.qa.customertc.CustomerHomePageTest" name="@AfterMethod tearDown" time="0.0">
    <skipped/>
  </testcase> <!-- @AfterMethod tearDown -->
  <testcase classname="com.phptravels.qa.customertc.CustomerLoginTest" name="@BeforeMethod setUp" time="0.0">
    <failure type="java.lang.NullPointerException">
      <![CDATA[java.lang.NullPointerException
at com.phptravels.qa.base.TestBase.initialization(TestBase.java:40)
at com.phptravels.qa.customertc.CustomerLoginTest.setUp(CustomerLoginTest.java:24)
at java.base/java.util.ArrayList.forEach(ArrayList.java:1541)
... Removed 36 stack frames]]>
    </failure>
  </testcase> <!-- @BeforeMethod setUp -->
  <testcase classname="com.phptravels.qa.customertc.CustomerLoginTest" name="@AfterMethod tearDown" time="0.0">
    <skipped/>
  </testcase> <!-- @AfterMethod tearDown -->
  <testcase classname="com.phptravels.qa.customertc.CustomerLoginTest" name="@BeforeMethod setUp" time="0.0">
    <skipped/>
  </testcase> <!-- @BeforeMethod setUp -->
  <testcase classname="com.phptravels.qa.customertc.CustomerLoginTest" name="@AfterMethod tearDown" time="0.0">
    <skipped/>
  </testcase> <!-- @AfterMethod tearDown -->
  <testcase classname="com.phptravels.qa.admintc.AdminAddHotelPageTest" name="enterHotelDetails" time="0.0">
    <skipped/>
  </testcase> <!-- enterHotelDetails -->
  <testcase classname="com.phptravels.qa.admintc.AdminHomePageTest" name="clickHotelPage" time="0.0">
    <skipped/>
  </testcase> <!-- clickHotelPage -->
  <testcase classname="com.phptravels.qa.admintc.AdminHotelPageTest" name="addHotel" time="0.0">
    <skipped/>
  </testcase> <!-- addHotel -->
  <testcase classname="com.phptravels.qa.admintc.AdminLoginPageTest" name="validateAdminLoginPage" time="0.0">
    <skipped/>
  </testcase> <!-- validateAdminLoginPage -->
  <testcase classname="com.phptravels.qa.admintc.AdminLoginPageTest" name="loginAdmin" time="0.0">
    <skipped/>
  </testcase> <!-- loginAdmin -->
  <testcase classname="com.phptravels.qa.customertc.CustomerHomePageTest" name="validateCustomerHomePageTitle" time="0.0">
    <skipped/>
  </testcase> <!-- validateCustomerHomePageTitle -->
  <testcase classname="com.phptravels.qa.customertc.CustomerHomePageTest" name="validateCustomerHomePageWelcomeMsg" time="0.0">
    <skipped/>
  </testcase> <!-- validateCustomerHomePageWelcomeMsg -->
  <testcase classname="com.phptravels.qa.customertc.CustomerHomePageTest" name="clickOnAddFundsPage" time="0.0">
    <skipped/>
  </testcase> <!-- clickOnAddFundsPage -->
  <testcase classname="com.phptravels.qa.customertc.CustomerLoginTest" name="customerLoginTitleTest" time="0.0">
    <skipped/>
  </testcase> <!-- customerLoginTitleTest -->
  <testcase classname="com.phptravels.qa.customertc.CustomerLoginTest" name="validateLoginCredentialsTest" time="0.0">
    <skipped/>
  </testcase> <!-- validateLoginCredentialsTest -->
  <testcase classname="com.phptravels.qa.admintc.AdminHomePageTest" name="validateMenu" time="0.0">
    <ignored/>
  </testcase> <!-- validateMenu -->
</testsuite> <!-- Surefire test -->
