<?xml version="1.0" encoding="UTF-8"?>
<!-- Generated by org.testng.reporters.JUnitXMLReporter -->
<testsuite ignored="0" hostname="DESKTOP-7KBB9M5" failures="0" tests="2" name="Default test" time="17.2" errors="0" timestamp="2022-05-04T07:38:31 IST">
  <testcase classname="com.phptravels.qa.customertc.CustomerLoginTest" name="customerLoginTitleTest" time="0.151"/>
  <testcase classname="com.phptravels.qa.customertc.CustomerLoginTest" name="validateLoginCredentialsTest" time="2.411"/>
</testsuite> <!-- Default test -->
