<?xml version="1.0" encoding="UTF-8"?>
<testsuite xmlns:xsi="http://www.w3.org/2001/XMLSchema-instance" xsi:noNamespaceSchemaLocation="https://maven.apache.org/surefire/maven-surefire-plugin/xsd/surefire-test-report.xsd" name="TestSuite" time="55.747" tests="6" errors="0" skipped="2" failures="1">
  <properties>
[...]
</properties>
  <testcase name="customerLoginTitleTest" classname="com.phptravels.qa.customertc.CustomerLoginTest" time="0">
    <skipped message="expected [Login - PHPTRAVELSS] but found [Login - PHPTRAVELS]"/>
    <system-out><![CDATA[Started:customerLoginTitleTest
]]></system-out>
    <system-err><![CDATA[SLF4J: Failed to load class "org.slf4j.impl.StaticLoggerBinder".
SLF4J: Defaulting to no-operation (NOP) logger implementation
SLF4J: See http://www.slf4j.org/codes.html#StaticLoggerBinder for further details.
Starting ChromeDriver 100.0.4896.60 (6a5d10861ce8de5fce22564658033b43cb7de047-refs/branch-heads/4896@{#875}) on port 61902
Only local connections are allowed.
Please see https://chromedriver.chromium.org/security-considerations for suggestions on keeping ChromeDriver safe.
ChromeDriver was started successfully.
[1651857028.542][WARNING]: This version of ChromeDriver has not been tested with Chrome version 101.
May 06, 2022 10:40:31 PM org.openqa.selenium.remote.ProtocolHandshake createSession
INFO: Detected dialect: W3C
May 06, 2022 10:40:31 PM org.openqa.selenium.devtools.CdpVersionFinder findNearestMatch
INFO: Found exact CDP implementation for version 101
]]></system-err>
  </testcase>
  <testcase name="customerLoginTitleTest" classname="com.phptravels.qa.customertc.CustomerLoginTest" time="0">
    <skipped message="expected [Login - PHPTRAVELSS] but found [Login - PHPTRAVELS]"/>
    <system-out><![CDATA[Skipped:customerLoginTitleTest
Started:customerLoginTitleTest
]]></system-out>
    <system-err><![CDATA[Starting ChromeDriver 100.0.4896.60 (6a5d10861ce8de5fce22564658033b43cb7de047-refs/branch-heads/4896@{#875}) on port 55703
Only local connections are allowed.
Please see https://chromedriver.chromium.org/security-considerations for suggestions on keeping ChromeDriver safe.
ChromeDriver was started successfully.
[1651857037.062][WARNING]: This version of ChromeDriver has not been tested with Chrome version 101.
May 06, 2022 10:40:37 PM org.openqa.selenium.remote.ProtocolHandshake createSession
INFO: Detected dialect: W3C
May 06, 2022 10:40:37 PM org.openqa.selenium.devtools.CdpVersionFinder findNearestMatch
INFO: Found exact CDP implementation for version 101
]]></system-err>
  </testcase>
  <testcase name="customerLoginTitleTest" classname="com.phptravels.qa.customertc.CustomerLoginTest" time="0.018">
    <failure message="expected [Login - PHPTRAVELSS] but found [Login - PHPTRAVELS]" type="java.lang.AssertionError">java.lang.AssertionError: expected [Login - PHPTRAVELSS] but found [Login - PHPTRAVELS]
	at com.phptravels.qa.customertc.CustomerLoginTest.customerLoginTitleTest(CustomerLoginTest.java:43)
</failure>
    <system-out><![CDATA[Skipped:customerLoginTitleTest
Started:customerLoginTitleTest
]]></system-out>
    <system-err><![CDATA[Starting ChromeDriver 100.0.4896.60 (6a5d10861ce8de5fce22564658033b43cb7de047-refs/branch-heads/4896@{#875}) on port 60543
Only local connections are allowed.
Please see https://chromedriver.chromium.org/security-considerations for suggestions on keeping ChromeDriver safe.
ChromeDriver was started successfully.
[1651857041.971][WARNING]: This version of ChromeDriver has not been tested with Chrome version 101.
May 06, 2022 10:40:41 PM org.openqa.selenium.remote.ProtocolHandshake createSession
INFO: Detected dialect: W3C
May 06, 2022 10:40:41 PM org.openqa.selenium.devtools.CdpVersionFinder findNearestMatch
INFO: Found exact CDP implementation for version 101
]]></system-err>
  </testcase>
  <testcase name="validateLoginCredentialsTest" classname="com.phptravels.qa.customertc.CustomerLoginTest" time="2.472"/>
  <testcase name="validateAdminLoginPage" classname="com.phptravels.qa.admintc.AdminLoginPageTest" time="0.016"/>
  <testcase name="loginAdmin" classname="com.phptravels.qa.admintc.AdminLoginPageTest" time="0.35"/>
</testsuite>