<?xml version="1.0" encoding="UTF-8"?>
<testng-results ignored="0" total="2" passed="2" failed="0" skipped="0">
  <reporter-output>
  </reporter-output>
  <suite started-at="2022-05-03T12:30:12 IST" name="Default suite" finished-at="2022-05-03T12:30:34 IST" duration-ms="21860">
    <groups>
    </groups>
    <test started-at="2022-05-03T12:30:12 IST" name="Default test" finished-at="2022-05-03T12:30:34 IST" duration-ms="21860">
      <class name="com.phptravels.qa.admintc.AdminLoginPageTest">
        <test-method is-config="true" signature="setup()[pri:0, instance:com.phptravels.qa.admintc.AdminLoginPageTest@618425b5]" started-at="2022-05-03T12:30:12 IST" name="setup" finished-at="2022-05-03T12:30:21 IST" duration-ms="8491" status="PASS">
          <reporter-output>
          </reporter-output>
        </test-method> <!-- setup -->
        <test-method signature="validateAdminLoginPage()[pri:1, instance:com.phptravels.qa.admintc.AdminLoginPageTest@618425b5]" started-at="2022-05-03T12:30:21 IST" name="validateAdminLoginPage" finished-at="2022-05-03T12:30:21 IST" duration-ms="16" status="PASS">
          <reporter-output>
          </reporter-output>
        </test-method> <!-- validateAdminLoginPage -->
        <test-method is-config="true" signature="tearDown()[pri:0, instance:com.phptravels.qa.admintc.AdminLoginPageTest@618425b5]" started-at="2022-05-03T12:30:21 IST" name="tearDown" finished-at="2022-05-03T12:30:21 IST" duration-ms="678" status="PASS">
          <reporter-output>
          </reporter-output>
        </test-method> <!-- tearDown -->
        <test-method is-config="true" signature="setup()[pri:0, instance:com.phptravels.qa.admintc.AdminLoginPageTest@618425b5]" started-at="2022-05-03T12:30:21 IST" name="setup" finished-at="2022-05-03T12:30:27 IST" duration-ms="5981" status="PASS">
          <reporter-output>
          </reporter-output>
        </test-method> <!-- setup -->
        <test-method signature="loginAdmin()[pri:2, instance:com.phptravels.qa.admintc.AdminLoginPageTest@618425b5]" started-at="2022-05-03T12:30:27 IST" name="loginAdmin" finished-at="2022-05-03T12:30:28 IST" duration-ms="271" status="PASS">
          <reporter-output>
          </reporter-output>
        </test-method> <!-- loginAdmin -->
        <test-method is-config="true" signature="tearDown()[pri:0, instance:com.phptravels.qa.admintc.AdminLoginPageTest@618425b5]" started-at="2022-05-03T12:30:33 IST" name="tearDown" finished-at="2022-05-03T12:30:34 IST" duration-ms="643" status="PASS">
          <reporter-output>
          </reporter-output>
        </test-method> <!-- tearDown -->
      </class> <!-- com.phptravels.qa.admintc.AdminLoginPageTest -->
    </test> <!-- Default test -->
  </suite> <!-- Default suite -->
</testng-results>
