<?xml version="1.0" encoding="UTF-8"?>
<!-- Generated by org.testng.reporters.JUnitXMLReporter -->
<testsuite ignored="0" hostname="DESKTOP-7KBB9M5" failures="0" tests="5" name="PHP Travles Login Test Cases" time="37.326" errors="0" timestamp="2022-04-28T13:16:21 IST">
  <testcase classname="com.phptravels.qa.testcases.CustomerLoginTest" name="customerLoginTitleTest" time="0.014"/>
  <testcase classname="com.phptravels.qa.testcases.CustomerLoginTest" name="validateLoginCredentialsTest" time="2.2"/>
  <testcase classname="com.phptravels.qa.testcases.CustomerHomePageTest" name="validateCustomerHomePageTitle" time="0.01"/>
  <testcase classname="com.phptravels.qa.testcases.CustomerHomePageTest" name="validateCustomerHomePageWelcomeMsg" time="0.026"/>
  <testcase classname="com.phptravels.qa.testcases.CustomerHomePageTest" name="clickOnAddFundsPage" time="0.926"/>
</testsuite> <!-- PHP Travles Login Test Cases -->
